{"key_logged":" T","victim":" test-victim "}
{"key_logged":" e","victim":" test-victim "}
{"key_logged":" S","victim":" test-victim "}
{"key_logged":" t","victim":" test-victim "}
{"key_logged":" i","victim":" test-victim "}
{"key_logged":" n","victim":" test-victim "}
{"key_logged":" g","victim":" test-victim "}
{"key_logged":"  ","victim":" test-victim "}
{"key_logged":" P","victim":" test-victim "}
{"key_logged":" a","victim":" test-victim "}
{"key_logged":" s","victim":" test-victim "}
{"key_logged":" s","victim":" test-victim "}
{"key_logged":" w","victim":" test-victim "}
{"key_logged":" o","victim":" test-victim "}
{"key_logged":" r","victim":" test-victim "}
{"key_logged":" d","victim":" test-victim "}
{"key_logged":" h","victim":" test-victim "}
{"key_logged":" e","victim":" test-victim "}
{"key_logged":" l","victim":" test-victim "}
{"key_logged":" l","victim":" test-victim "}
{"key_logged":" o","victim":" test-victim "}
{"key_logged":" W","victim":" test-victim "}
{"key_logged":" o","victim":" test-victim "}
{"key_logged":" l","victim":" test-victim "}
{"key_logged":" r","victim":" test-victim "}
{"key_logged":" d","victim":" test-victim "}
{"key_logged":" 1","victim":" test-victim "}
{"key_logged":" 2","victim":" test-victim "}
{"key_logged":" 3","victim":" test-victim "}
{"key_logged":" 3","victim":" test-victim "}
{"key_logged":" 2","victim":" test-victim "}
{"key_logged":" 1","victim":" test-victim "}
